生成启动时间为 2019/5/27 星期一 22:29:59。
     1>项目“D:\programers\CPlusPlus\DataStructureBookNotes\ide\Chapter06\Chapter06.vcxproj”在节点 2 上(Build 个目标)。
     1>ClCompile:
         D:\softwares\Microsoft Visual Studio 12.0\VC\bin\CL.exe /c /ZI /nologo /W3 /WX- /Od /Oy- /D WIN32 /D _DEBUG /D _CONSOLE /D _LIB /D _UNICODE /D UNICODE /Gm /EHsc /RTC1 /MDd /GS /fp:precise /Zc:wchar_t /Zc:forScope /Fo"Debug\\" /Fd"Debug\vc120.pdb" /Gd /TP /analyze- /errorReport:prompt ..\..\src\Chapter06\TestGraphMatrix.cpp
         TestGraphMatrix.cpp
     1>d:\programers\cplusplus\datastructurebooknotes\include\chapter02\vector.h(383): error C2662: “Rank Vector<Edge<Te> *>::size(void)”: 不能将“this”指针从“const Vector<Edge<Te> *>”转换为“Vector<Edge<Te> *> &”
                 with
                 [
                     Te=int
                 ]
                 转换丢失限定符
                 d:\programers\cplusplus\datastructurebooknotes\include\chapter02\vector.h(373): 编译类 模板 成员函数“Vector<Edge<Te> *> &Vector<Edge<Te> *>::operator =(const Vector<Edge<Te> *> &)”时
                 with
                 [
                     Te=int
                 ]
                 d:\programers\cplusplus\datastructurebooknotes\include\chapter02\vector.h(34): 参见对正在编译的函数 模板 实例化“Vector<Edge<Te> *> &Vector<Edge<Te> *>::operator =(const Vector<Edge<Te> *> &)”的引用
                 with
                 [
                     Te=int
                 ]
                 d:\programers\cplusplus\datastructurebooknotes\include\chapter02\vector.h(31): 参见对正在编译的类 模板 实例化“Vector<Edge<Te> *>”的引用
                 with
                 [
                     Te=int
                 ]
                 d:\programers\cplusplus\datastructurebooknotes\include\chapter06\graphmatrix.h(39): 编译类 模板 成员函数“GraphMatrix<int,int>::GraphMatrix(void)”时
                 d:\programers\cplusplus\datastructurebooknotes\src\chapter06\testgraphmatrix.cpp(6): 参见对正在编译的函数 模板 实例化“GraphMatrix<int,int>::GraphMatrix(void)”的引用
                 d:\programers\cplusplus\datastructurebooknotes\src\chapter06\testgraphmatrix.cpp(6): 参见对正在编译的类 模板 实例化“GraphMatrix<int,int>”的引用
     1>d:\programers\cplusplus\datastructurebooknotes\include\chapter02\vector.h(383): error C2660: “Vector<Edge<Te> *>::copyFrom”: 函数不接受 2 个参数
                 with
                 [
                     Te=int
                 ]
     1>已完成生成项目“D:\programers\CPlusPlus\DataStructureBookNotes\ide\Chapter06\Chapter06.vcxproj”(Build 个目标)的操作 - 失败。

生成失败。

已用时间 00:00:00.28
